<?xml version="1.0" encoding="UTF-8"?>
<!-- Generated by org.testng.reporters.JUnitReportReporter -->
<testsuite hostname="Hafiz-AK" failures="0" tests="1" name="automation_March25_2029.Advanced_Xpaths" time="9.914" errors="0" timestamp="2023-03-25T12:59:17 EDT" skipped="0">
  <testcase classname="automation_March25_2029.Advanced_Xpaths" name="test" time="9.914"/>
  <system-out/>
</testsuite> <!-- automation_March25_2029.Advanced_Xpaths -->
