<?xml version="1.0" encoding="UTF-8"?>
<!-- Generated by org.testng.reporters.JUnitReportReporter -->
<testsuite hostname="Hafiz-AK" failures="0" tests="1" name="com.automationcode_5thMar_2023.Class_19Mar" time="11.613" errors="0" timestamp="2023-03-19T11:45:14 EDT" skipped="0">
  <testcase classname="com.automationcode_5thMar_2023.Class_19Mar" name="testOne" time="11.613"/>
  <system-out/>
</testsuite> <!-- com.automationcode_5thMar_2023.Class_19Mar -->
